|--- feature_1 <= 134.50
|   |--- feature_0 <= 29.25
|   |   |--- feature_2 <= 87.50
|   |   |   |--- feature_1 <= 118.50
|   |   |   |   |--- feature_3 <= 1952.50
|   |   |   |   |   |--- class: 2
|   |   |   |   |--- feature_3 >  1952.50
|   |   |   |   |   |--- feature_3 <= 2180.00
|   |   |   |   |   |   |--- feature_4 <= 16.70
|   |   |   |   |   |   |   |--- feature_4 <= 15.75
|   |   |   |   |   |   |   |   |--- feature_0 <= 27.00
|   |   |   |   |   |   |   |   |   |--- class: 2
|   |   |   |   |   |   |   |   |--- feature_0 >  27.00
|   |   |   |   |   |   |   |   |   |--- class: 1
|   |   |   |   |   |   |   |--- feature_4 >  15.75
|   |   |   |   |   |   |   |   |--- class: 3
|   |   |   |   |   |   |--- feature_4 >  16.70
|   |   |   |   |   |   |   |--- class: 1
|   |   |   |   |   |--- feature_3 >  2180.00
|   |   |   |   |   |   |--- feature_5 <= 76.50
|   |   |   |   |   |   |   |--- class: 2
|   |   |   |   |   |   |--- feature_5 >  76.50
|   |   |   |   |   |   |   |--- class: 3
|   |   |   |--- feature_1 >  118.50
|   |   |   |   |--- class: 1
|   |   |--- feature_2 >  87.50
|   |   |   |--- feature_3 <= 2535.50
|   |   |   |   |--- feature_5 <= 70.50
|   |   |   |   |   |--- feature_0 <= 24.50
|   |   |   |   |   |   |--- class: 3
|   |   |   |   |   |--- feature_0 >  24.50
|   |   |   |   |   |   |--- class: 2
|   |   |   |   |--- feature_5 >  70.50
|   |   |   |   |   |--- feature_3 <= 2272.00
|   |   |   |   |   |   |--- feature_5 <= 72.00
|   |   |   |   |   |   |   |--- class: 3
|   |   |   |   |   |   |--- feature_5 >  72.00
|   |   |   |   |   |   |   |--- class: 2
|   |   |   |   |   |--- feature_3 >  2272.00
|   |   |   |   |   |   |--- class: 3
|   |   |   |--- feature_3 >  2535.50
|   |   |   |   |--- feature_10 <= 0.50
|   |   |   |   |   |--- class: 2
|   |   |   |   |--- feature_10 >  0.50
|   |   |   |   |   |--- class: 3
|   |--- feature_0 >  29.25
|   |   |--- feature_4 <= 19.45
|   |   |   |--- feature_4 <= 14.95
|   |   |   |   |--- feature_1 <= 106.00
|   |   |   |   |   |--- feature_1 <= 94.50
|   |   |   |   |   |   |--- class: 2
|   |   |   |   |   |--- feature_1 >  94.50
|   |   |   |   |   |   |--- feature_2 <= 72.00
|   |   |   |   |   |   |   |--- class: 1
|   |   |   |   |   |   |--- feature_2 >  72.00
|   |   |   |   |   |   |   |--- feature_3 <= 2029.50
|   |   |   |   |   |   |   |   |--- class: 1
|   |   |   |   |   |   |   |--- feature_3 >  2029.50
|   |   |   |   |   |   |   |   |--- class: 2
|   |   |   |   |--- feature_1 >  106.00
|   |   |   |   |   |--- feature_3 <= 2157.50
|   |   |   |   |   |   |--- class: 1
|   |   |   |   |   |--- feature_3 >  2157.50
|   |   |   |   |   |   |--- class: 3
|   |   |   |--- feature_4 >  14.95
|   |   |   |   |--- feature_2 <= 76.50
|   |   |   |   |   |--- feature_0 <= 34.25
|   |   |   |   |   |   |--- class: 3
|   |   |   |   |   |--- feature_0 >  34.25
|   |   |   |   |   |   |--- feature_0 <= 36.50
|   |   |   |   |   |   |   |--- feature_0 <= 35.55
|   |   |   |   |   |   |   |   |--- feature_3 <= 1902.50
|   |   |   |   |   |   |   |   |   |--- class: 3
|   |   |   |   |   |   |   |   |--- feature_3 >  1902.50
|   |   |   |   |   |   |   |   |   |--- class: 1
|   |   |   |   |   |   |   |--- feature_0 >  35.55
|   |   |   |   |   |   |   |   |--- class: 2
|   |   |   |   |   |   |--- feature_0 >  36.50
|   |   |   |   |   |   |   |--- class: 3
|   |   |   |   |--- feature_2 >  76.50
|   |   |   |   |   |--- feature_4 <= 15.85
|   |   |   |   |   |   |--- feature_2 <= 89.00
|   |   |   |   |   |   |   |--- class: 2
|   |   |   |   |   |   |--- feature_2 >  89.00
|   |   |   |   |   |   |   |--- class: 3
|   |   |   |   |   |--- feature_4 >  15.85
|   |   |   |   |   |   |--- class: 1
|   |   |--- feature_4 >  19.45
|   |   |   |--- feature_0 <= 29.95
|   |   |   |   |--- class: 1
|   |   |   |--- feature_0 >  29.95
|   |   |   |   |--- class: 2
|--- feature_1 >  134.50
|   |--- feature_4 <= 19.55
|   |   |--- feature_1 <= 170.50
|   |   |   |--- feature_2 <= 107.50
|   |   |   |   |--- class: 1
|   |   |   |--- feature_2 >  107.50
|   |   |   |   |--- feature_4 <= 15.65
|   |   |   |   |   |--- class: 3
|   |   |   |   |--- feature_4 >  15.65
|   |   |   |   |   |--- class: 2
|   |   |--- feature_1 >  170.50
|   |   |   |--- class: 1
|   |--- feature_4 >  19.55
|   |   |--- feature_0 <= 24.85
|   |   |   |--- class: 1
|   |   |--- feature_0 >  24.85
|   |   |   |--- class: 2
