|--- feature_5 <= 3780.50
|   |--- feature_7 <= 7960.00
|   |   |--- feature_13 <= 14.15
|   |   |   |--- feature_12 <= 96.50
|   |   |   |   |--- feature_3 <= 6.50
|   |   |   |   |   |--- feature_2 <= 173.50
|   |   |   |   |   |   |--- class: Yes
|   |   |   |   |   |--- feature_2 >  173.50
|   |   |   |   |   |   |--- class: No
|   |   |   |   |--- feature_3 >  6.50
|   |   |   |   |   |--- class: Yes
|   |   |   |--- feature_12 >  96.50
|   |   |   |   |--- class: No
|   |   |--- feature_13 >  14.15
|   |   |   |--- feature_5 <= 1838.00
|   |   |   |   |--- feature_13 <= 15.25
|   |   |   |   |   |--- feature_3 <= 18.00
|   |   |   |   |   |   |--- class: No
|   |   |   |   |   |--- feature_3 >  18.00
|   |   |   |   |   |   |--- class: Yes
|   |   |   |   |--- feature_13 >  15.25
|   |   |   |   |   |--- feature_7 <= 4905.00
|   |   |   |   |   |   |--- feature_0 <= 791.50
|   |   |   |   |   |   |   |--- class: No
|   |   |   |   |   |   |--- feature_0 >  791.50
|   |   |   |   |   |   |   |--- class: Yes
|   |   |   |   |   |--- feature_7 >  4905.00
|   |   |   |   |   |   |--- feature_3 <= 40.50
|   |   |   |   |   |   |   |--- class: Yes
|   |   |   |   |   |   |--- feature_3 >  40.50
|   |   |   |   |   |   |   |--- class: No
|   |   |   |--- feature_5 >  1838.00
|   |   |   |   |--- feature_16 <= 62.50
|   |   |   |   |   |--- class: No
|   |   |   |   |--- feature_16 >  62.50
|   |   |   |   |   |--- feature_13 <= 17.70
|   |   |   |   |   |   |--- class: No
|   |   |   |   |   |--- feature_13 >  17.70
|   |   |   |   |   |   |--- class: Yes
|   |--- feature_7 >  7960.00
|   |   |--- feature_8 <= 3187.50
|   |   |   |--- feature_3 <= 44.00
|   |   |   |   |--- class: Yes
|   |   |   |--- feature_3 >  44.00
|   |   |   |   |--- class: No
|   |   |--- feature_8 >  3187.50
|   |   |   |--- class: Yes
|--- feature_5 >  3780.50
|   |--- feature_7 <= 10835.00
|   |   |--- feature_8 <= 6174.00
|   |   |   |--- feature_10 <= 475.00
|   |   |   |   |--- class: Yes
|   |   |   |--- feature_10 >  475.00
|   |   |   |   |--- feature_7 <= 2690.00
|   |   |   |   |   |--- class: Yes
|   |   |   |   |--- feature_7 >  2690.00
|   |   |   |   |   |--- feature_12 <= 64.50
|   |   |   |   |   |   |--- feature_3 <= 24.50
|   |   |   |   |   |   |   |--- class: No
|   |   |   |   |   |   |--- feature_3 >  24.50
|   |   |   |   |   |   |   |--- class: Yes
|   |   |   |   |   |--- feature_12 >  64.50
|   |   |   |   |   |   |--- feature_1 <= 10415.50
|   |   |   |   |   |   |   |--- feature_7 <= 5112.00
|   |   |   |   |   |   |   |   |--- feature_7 <= 5033.50
|   |   |   |   |   |   |   |   |   |--- class: No
|   |   |   |   |   |   |   |   |--- feature_7 >  5033.50
|   |   |   |   |   |   |   |   |   |--- class: Yes
|   |   |   |   |   |   |   |--- feature_7 >  5112.00
|   |   |   |   |   |   |   |   |--- class: No
|   |   |   |   |   |   |--- feature_1 >  10415.50
|   |   |   |   |   |   |   |--- feature_0 <= 14673.50
|   |   |   |   |   |   |   |   |--- class: Yes
|   |   |   |   |   |   |   |--- feature_0 >  14673.50
|   |   |   |   |   |   |   |   |--- class: No
|   |   |--- feature_8 >  6174.00
|   |   |   |--- class: Yes
|   |--- feature_7 >  10835.00
|   |   |--- feature_0 <= 14781.50
|   |   |   |--- feature_8 <= 5044.00
|   |   |   |   |--- feature_13 <= 12.60
|   |   |   |   |   |--- class: No
|   |   |   |   |--- feature_13 >  12.60
|   |   |   |   |   |--- class: Yes
|   |   |   |--- feature_8 >  5044.00
|   |   |   |   |--- class: Yes
|   |   |--- feature_0 >  14781.50
|   |   |   |--- feature_4 <= 86.00
|   |   |   |   |--- class: Yes
|   |   |   |--- feature_4 >  86.00
|   |   |   |   |--- class: No
