|--- feature_1 <= 154.50
|   |--- feature_4 <= 121.00
|   |   |--- feature_6 <= 0.73
|   |   |   |--- feature_5 <= 45.35
|   |   |   |   |--- feature_0 <= 14.00
|   |   |   |   |   |--- feature_0 <= 0.50
|   |   |   |   |   |   |--- feature_4 <= 65.00
|   |   |   |   |   |   |   |--- feature_5 <= 32.20
|   |   |   |   |   |   |   |   |--- class: 0
|   |   |   |   |   |   |   |--- feature_5 >  32.20
|   |   |   |   |   |   |   |   |--- feature_1 <= 110.50
|   |   |   |   |   |   |   |   |   |--- class: 1
|   |   |   |   |   |   |   |   |--- feature_1 >  110.50
|   |   |   |   |   |   |   |   |   |--- class: 0
|   |   |   |   |   |   |--- feature_4 >  65.00
|   |   |   |   |   |   |   |--- class: 0
|   |   |   |   |   |--- feature_0 >  0.50
|   |   |   |   |   |   |--- feature_6 <= 0.68
|   |   |   |   |   |   |   |--- feature_1 <= 127.50
|   |   |   |   |   |   |   |   |--- class: 0
|   |   |   |   |   |   |   |--- feature_1 >  127.50
|   |   |   |   |   |   |   |   |--- feature_1 <= 131.50
|   |   |   |   |   |   |   |   |   |--- class: 1
|   |   |   |   |   |   |   |   |--- feature_1 >  131.50
|   |   |   |   |   |   |   |   |   |--- class: 0
|   |   |   |   |   |   |--- feature_6 >  0.68
|   |   |   |   |   |   |   |--- feature_5 <= 26.35
|   |   |   |   |   |   |   |   |--- class: 1
|   |   |   |   |   |   |   |--- feature_5 >  26.35
|   |   |   |   |   |   |   |   |--- class: 0
|   |   |   |   |--- feature_0 >  14.00
|   |   |   |   |   |--- class: 1
|   |   |   |--- feature_5 >  45.35
|   |   |   |   |--- class: 1
|   |   |--- feature_6 >  0.73
|   |   |   |--- feature_1 <= 96.00
|   |   |   |   |--- class: 0
|   |   |   |--- feature_1 >  96.00
|   |   |   |   |--- feature_5 <= 31.40
|   |   |   |   |   |--- feature_4 <= 42.50
|   |   |   |   |   |   |--- class: 1
|   |   |   |   |   |--- feature_4 >  42.50
|   |   |   |   |   |   |--- class: 0
|   |   |   |   |--- feature_5 >  31.40
|   |   |   |   |   |--- feature_3 <= 52.00
|   |   |   |   |   |   |--- class: 1
|   |   |   |   |   |--- feature_3 >  52.00
|   |   |   |   |   |   |--- class: 0
|   |--- feature_4 >  121.00
|   |   |--- feature_7 <= 28.50
|   |   |   |--- feature_3 <= 31.50
|   |   |   |   |--- feature_6 <= 1.23
|   |   |   |   |   |--- feature_7 <= 26.50
|   |   |   |   |   |   |--- class: 0
|   |   |   |   |   |--- feature_7 >  26.50
|   |   |   |   |   |   |--- feature_4 <= 178.00
|   |   |   |   |   |   |   |--- class: 0
|   |   |   |   |   |   |--- feature_4 >  178.00
|   |   |   |   |   |   |   |--- feature_3 <= 27.00
|   |   |   |   |   |   |   |   |--- class: 1
|   |   |   |   |   |   |   |--- feature_3 >  27.00
|   |   |   |   |   |   |   |   |--- class: 0
|   |   |   |   |--- feature_6 >  1.23
|   |   |   |   |   |--- feature_2 <= 63.00
|   |   |   |   |   |   |--- class: 0
|   |   |   |   |   |--- feature_2 >  63.00
|   |   |   |   |   |   |--- class: 1
|   |   |   |--- feature_3 >  31.50
|   |   |   |   |--- feature_2 <= 63.00
|   |   |   |   |   |--- feature_3 <= 45.50
|   |   |   |   |   |   |--- class: 1
|   |   |   |   |   |--- feature_3 >  45.50
|   |   |   |   |   |   |--- class: 0
|   |   |   |   |--- feature_2 >  63.00
|   |   |   |   |   |--- feature_4 <= 131.00
|   |   |   |   |   |   |--- class: 1
|   |   |   |   |   |--- feature_4 >  131.00
|   |   |   |   |   |   |--- feature_2 <= 69.00
|   |   |   |   |   |   |   |--- feature_6 <= 0.54
|   |   |   |   |   |   |   |   |--- feature_5 <= 41.90
|   |   |   |   |   |   |   |   |   |--- class: 0
|   |   |   |   |   |   |   |   |--- feature_5 >  41.90
|   |   |   |   |   |   |   |   |   |--- class: 1
|   |   |   |   |   |   |   |--- feature_6 >  0.54
|   |   |   |   |   |   |   |   |--- class: 1
|   |   |   |   |   |   |--- feature_2 >  69.00
|   |   |   |   |   |   |   |--- class: 0
|   |   |--- feature_7 >  28.50
|   |   |   |--- feature_5 <= 27.55
|   |   |   |   |--- class: 0
|   |   |   |--- feature_5 >  27.55
|   |   |   |   |--- feature_6 <= 0.50
|   |   |   |   |   |--- feature_2 <= 77.00
|   |   |   |   |   |   |--- feature_5 <= 29.40
|   |   |   |   |   |   |   |--- class: 1
|   |   |   |   |   |   |--- feature_5 >  29.40
|   |   |   |   |   |   |   |--- feature_0 <= 0.50
|   |   |   |   |   |   |   |   |--- class: 1
|   |   |   |   |   |   |   |--- feature_0 >  0.50
|   |   |   |   |   |   |   |   |--- feature_3 <= 48.50
|   |   |   |   |   |   |   |   |   |--- class: 0
|   |   |   |   |   |   |   |   |--- feature_3 >  48.50
|   |   |   |   |   |   |   |   |   |--- class: 1
|   |   |   |   |   |--- feature_2 >  77.00
|   |   |   |   |   |   |--- feature_3 <= 19.50
|   |   |   |   |   |   |   |--- class: 0
|   |   |   |   |   |   |--- feature_3 >  19.50
|   |   |   |   |   |   |   |--- class: 1
|   |   |   |   |--- feature_6 >  0.50
|   |   |   |   |   |--- feature_1 <= 152.50
|   |   |   |   |   |   |--- feature_4 <= 306.50
|   |   |   |   |   |   |   |--- class: 1
|   |   |   |   |   |   |--- feature_4 >  306.50
|   |   |   |   |   |   |   |--- class: 0
|   |   |   |   |   |--- feature_1 >  152.50
|   |   |   |   |   |   |--- class: 0
|--- feature_1 >  154.50
|   |--- feature_6 <= 0.15
|   |   |--- class: 0
|   |--- feature_6 >  0.15
|   |   |--- feature_3 <= 15.00
|   |   |   |--- class: 0
|   |   |--- feature_3 >  15.00
|   |   |   |--- feature_5 <= 45.95
|   |   |   |   |--- feature_6 <= 2.23
|   |   |   |   |   |--- class: 1
|   |   |   |   |--- feature_6 >  2.23
|   |   |   |   |   |--- class: 0
|   |   |   |--- feature_5 >  45.95
|   |   |   |   |--- feature_7 <= 25.50
|   |   |   |   |   |--- class: 1
|   |   |   |   |--- feature_7 >  25.50
|   |   |   |   |   |--- class: 0
