|--- feature_16 <= 0.50
|   |--- feature_10 <= 4.00
|   |   |--- class: A
|   |--- feature_10 >  4.00
|   |   |--- feature_8 <= 338.50
|   |   |   |--- class: N
|   |   |--- feature_8 >  338.50
|   |   |   |--- feature_8 <= 354.00
|   |   |   |   |--- class: A
|   |   |   |--- feature_8 >  354.00
|   |   |   |   |--- feature_13 <= 90.00
|   |   |   |   |   |--- feature_13 <= 83.50
|   |   |   |   |   |   |--- class: N
|   |   |   |   |   |--- feature_13 >  83.50
|   |   |   |   |   |   |--- class: A
|   |   |   |   |--- feature_13 >  90.00
|   |   |   |   |   |--- feature_8 <= 392.00
|   |   |   |   |   |   |--- feature_13 <= 159.00
|   |   |   |   |   |   |   |--- class: N
|   |   |   |   |   |   |--- feature_13 >  159.00
|   |   |   |   |   |   |   |--- class: A
|   |   |   |   |   |--- feature_8 >  392.00
|   |   |   |   |   |   |--- feature_3 <= 30.50
|   |   |   |   |   |   |   |--- feature_6 <= 12.00
|   |   |   |   |   |   |   |   |--- class: A
|   |   |   |   |   |   |   |--- feature_6 >  12.00
|   |   |   |   |   |   |   |   |--- class: N
|   |   |   |   |   |   |--- feature_3 >  30.50
|   |   |   |   |   |   |   |--- class: N
|--- feature_16 >  0.50
|   |--- feature_15 <= 4.50
|   |   |--- feature_0 <= 422.50
|   |   |   |--- feature_9 <= 2.50
|   |   |   |   |--- feature_7 <= 114.50
|   |   |   |   |   |--- class: A
|   |   |   |   |--- feature_7 >  114.50
|   |   |   |   |   |--- class: N
|   |   |   |--- feature_9 >  2.50
|   |   |   |   |--- class: A
|   |   |--- feature_0 >  422.50
|   |   |   |--- feature_3 <= 73.00
|   |   |   |   |--- feature_11 <= 773.50
|   |   |   |   |   |--- class: N
|   |   |   |   |--- feature_11 >  773.50
|   |   |   |   |   |--- class: A
|   |   |   |--- feature_3 >  73.00
|   |   |   |   |--- class: A
|   |--- feature_15 >  4.50
|   |   |--- feature_5 <= 13.50
|   |   |   |--- feature_8 <= 677.00
|   |   |   |   |--- class: A
|   |   |   |--- feature_8 >  677.00
|   |   |   |   |--- class: N
|   |   |--- feature_5 >  13.50
|   |   |   |--- class: A
