|--- feature_6 <= 0.50
|   |--- feature_20 <= 0.50
|   |   |--- feature_23 <= 0.50
|   |   |   |--- feature_24 <= 0.50
|   |   |   |   |--- feature_5 <= 0.50
|   |   |   |   |   |--- feature_9 <= 0.50
|   |   |   |   |   |   |--- class: 0
|   |   |   |   |   |--- feature_9 >  0.50
|   |   |   |   |   |   |--- class: 0
|   |   |   |   |--- feature_5 >  0.50
|   |   |   |   |   |--- class: 0
|   |   |   |--- feature_24 >  0.50
|   |   |   |   |--- class: 1
|   |   |--- feature_23 >  0.50
|   |   |   |--- feature_5 <= 0.50
|   |   |   |   |--- feature_30 <= 0.50
|   |   |   |   |   |--- class: 1
|   |   |   |   |--- feature_30 >  0.50
|   |   |   |   |   |--- feature_2 <= 0.50
|   |   |   |   |   |   |--- class: 1
|   |   |   |   |   |--- feature_2 >  0.50
|   |   |   |   |   |   |--- feature_0 <= 0.50
|   |   |   |   |   |   |   |--- class: 1
|   |   |   |   |   |   |--- feature_0 >  0.50
|   |   |   |   |   |   |   |--- feature_18 <= 0.50
|   |   |   |   |   |   |   |   |--- class: 1
|   |   |   |   |   |   |   |--- feature_18 >  0.50
|   |   |   |   |   |   |   |   |--- class: 0
|   |   |   |--- feature_5 >  0.50
|   |   |   |   |--- feature_12 <= 0.50
|   |   |   |   |   |--- class: 1
|   |   |   |   |--- feature_12 >  0.50
|   |   |   |   |   |--- class: 0
|   |--- feature_20 >  0.50
|   |   |--- feature_5 <= 0.50
|   |   |   |--- class: 1
|   |   |--- feature_5 >  0.50
|   |   |   |--- feature_19 <= 0.50
|   |   |   |   |--- feature_13 <= 0.50
|   |   |   |   |   |--- class: 0
|   |   |   |   |--- feature_13 >  0.50
|   |   |   |   |   |--- class: 1
|   |   |   |--- feature_19 >  0.50
|   |   |   |   |--- class: 1
|--- feature_6 >  0.50
|   |--- feature_4 <= 0.50
|   |   |--- class: 0
|   |--- feature_4 >  0.50
|   |   |--- feature_23 <= 0.50
|   |   |   |--- class: 0
|   |   |--- feature_23 >  0.50
|   |   |   |--- feature_25 <= 0.50
|   |   |   |   |--- class: 1
|   |   |   |--- feature_25 >  0.50
|   |   |   |   |--- class: 0
