|--- feature_3 <= 0.80
|   |--- class: Iris-setosa
|--- feature_3 >  0.80
|   |--- feature_3 <= 1.75
|   |   |--- feature_2 <= 5.35
|   |   |   |--- feature_0 <= 4.95
|   |   |   |   |--- feature_1 <= 2.45
|   |   |   |   |   |--- class: Iris-versicolor
|   |   |   |   |--- feature_1 >  2.45
|   |   |   |   |   |--- class: Iris-virginica
|   |   |   |--- feature_0 >  4.95
|   |   |   |   |--- feature_1 <= 2.25
|   |   |   |   |   |--- feature_2 <= 4.50
|   |   |   |   |   |   |--- class: Iris-versicolor
|   |   |   |   |   |--- feature_2 >  4.50
|   |   |   |   |   |   |--- class: Iris-virginica
|   |   |   |   |--- feature_1 >  2.25
|   |   |   |   |   |--- class: Iris-versicolor
|   |   |--- feature_2 >  5.35
|   |   |   |--- class: Iris-virginica
|   |--- feature_3 >  1.75
|   |   |--- feature_2 <= 4.90
|   |   |   |--- feature_1 <= 3.10
|   |   |   |   |--- class: Iris-virginica
|   |   |   |--- feature_1 >  3.10
|   |   |   |   |--- class: Iris-versicolor
|   |   |--- feature_2 >  4.90
|   |   |   |--- class: Iris-virginica
